<?xml version="1.0" encoding="UTF-8"?>
<!-- Generated by org.testng.reporters.JUnitXMLReporter -->
<testsuite ignored="0" hostname="DESKTOP-LC2OIGE" failures="1" tests="1" name="Test" time="29.353" errors="0" timestamp="2021-10-21T17:35:10 IST">
  <testcase classname="com.Vtiger.pomscripts.Tc_001_CreateContact_Test" name="TC001_CreateContact" time="16.464">
    <failure type="java.lang.AssertionError" message="expected [false] but found [true]">
      <![CDATA[java.lang.AssertionError: expected [false] but found [true]
at com.Vtiger.pomscripts.Tc_001_CreateContact_Test.TC001_CreateContact(Tc_001_CreateContact_Test.java:65)
at java.base/java.util.ArrayList.forEach(Unknown Source)
... Removed 31 stack frames]]>
    </failure>
  </testcase> <!-- TC001_CreateContact -->
</testsuite> <!-- Test -->
